<?xml version="1.0" encoding="UTF-8"?>
<!-- Generated by org.testng.reporters.JUnitReportReporter -->
<testsuite hostname="C40LAP-12463" failures="0" tests="1" name="teamrcbpackage.ForeignPlayerCount" time="0.026" errors="0" timestamp="2023-01-11T00:01:50 IST" skipped="0">
  <testcase classname="teamrcbpackage.ForeignPlayerCount" name="foreignPlayerCount" time="0.026"/>
  <system-out/>
</testsuite> <!-- teamrcbpackage.ForeignPlayerCount -->
