<?xml version="1.0" encoding="UTF-8"?>
<!-- Generated by org.testng.reporters.JUnitReportReporter -->
<testsuite hostname="C40LAP-12463" failures="0" tests="2" name="teamrcbpackage.TeamRCB" time="0.035" errors="0" timestamp="2023-01-11T01:04:29 IST" skipped="0">
  <testcase classname="teamrcbpackage.TeamRCB" name="wicketKeeperCount" time="0.002"/>
  <system-out/>
  <testcase classname="teamrcbpackage.TeamRCB" name="foreignPlayerCount" time="0.033"/>
  <system-out/>
</testsuite> <!-- teamrcbpackage.TeamRCB -->
